SUCCESS: 2008-06-12-hello-world.md
SUCCESS: 2008-07-11-minicenario-classificados-na-web.md
SUCCESS: 2008-07-12-diagrama-de-casos-de-uso-estacionamento.md
SUCCESS: 2008-07-12-minicenario-controle-de-bolao.md
SUCCESS: 2008-07-12-minicenario-controle-de-obras.md
SUCCESS: 2008-07-12-modelando-com-rup.md
SUCCESS: 2008-07-12-padroes-de-analise.md
SUCCESS: 2009-08-05-yuml-por-que-escrever-um-blog.md
SUCCESS: 2009-10-22-scrum-no-congresso-cientifico-da-unp.md
SUCCESS: 2009-11-07-caelum-day-in-rio-muito-sol-e-excelentes-palestrantes.md
SUCCESS: 2009-11-09-ws-46-na-caelum-com-phillip-calcado.md
SUCCESS: 2009-11-11-mike-keith-java-ee-6-uma-grande-evolucao.md
SUCCESS: 2009-11-11-rod-johnson-tendencias-em-java-ee-como-serao-os-proximos-5-anos.md
SUCCESS: 2009-11-17-sera-que-ajudei-alguem-a-derrubar-as-paredes-erradas.md
SUCCESS: 2010-01-26-ola-unp-mais-um-professor-na-familia.md
SUCCESS: 2010-02-09-o-objetivo-nao-deveria-ser-entregar-otimas-funcionalidades.md
SUCCESS: 2010-02-11-minha-equipe-precisa-de-um-pedal-de-overdriver.md
SUCCESS: 2010-02-24-primeira-aula-ministrada-comecando.md
SUCCESS: 2010-02-24-primeira-aula-ministrada-comecando.md
SUCCESS: 2010-02-25-ja-tive-um-gerente-que-comia-velocidade-no-cafe.md
SUCCESS: 2010-03-02-segunda-aula-ministrada-projetoprocesso.md
SUCCESS: 2010-03-04-terceira-aula-modelo-cascata.md
SUCCESS: 2010-03-10-quarta-aula-modelos-evolucionarios.md
SUCCESS: 2010-03-11-quinta-aula-introduzindo-agilidade.md
SUCCESS: 2010-03-16-sexta-aula-scrum.md
SUCCESS: 2010-03-18-setima-aula-scrum-processo.md
SUCCESS: 2010-03-28-sem-mascaras-em-projetos-reais.md
SUCCESS: 2010-04-08-melhorando-a-flacidez-xp-aula-12.md
SUCCESS: 2010-04-11-materializando-os-valores-xp-aula-13.md
SUCCESS: 2010-05-22-cafe-agil-em-recife.md
SUCCESS: 2010-06-22-agile-brazil-2010-introducao-a-programacao-extrema-xp.md
SUCCESS: 2010-11-23-agile-day-2010-porto-alegre.md
SUCCESS: 2010-11-24-agile-day-2010-klaus-wuestefeld.md
SUCCESS: 2010-11-30-agile-day-2010-luiz-faias-jr.md
SUCCESS: 2010-12-12-agile-day-2010-paulo-caroli.md
SUCCESS: 2011-01-13-stefanini-open-talks-pomodoro-technique.md
SUCCESS: 2011-04-18-stefanini-open-talks-afinando-sua-equipe-com-songdoro.md
SUCCESS: 2011-06-19-agile-brazil-2011-claro-que-vou.md
SUCCESS: 2011-11-15-nunca-e-tarde-convertido-do-bash-para-zsh.md
SUCCESS: 2011-11-27-nao-adivinhe-o-futuro-acompanhe-o-mvp-e-livro-de-possibilidades.md
SUCCESS: 2011-11-29-desconf-2011-mustache-edition.md
SUCCESS: 2011-12-11-mexa-se-e-porque-nao.md
SUCCESS: 2012-04-11-reuniao-de-abril-do-guma-rs.md
SUCCESS: 2012-08-01-slides-gerando-valor-desafios-no-lancamentdo-conteudo-pago.md
SUCCESS: 2012-08-24-1a-semana-de-lightningtalks-e-fishbowls-no-tecnopuc.md
SUCCESS: 2012-09-05-bem-vindo-ao-agile-brazil-2012.md
SUCCESS: 2012-09-05-novatos-no-seu-time-agil-corra-da-inercia-cecilia-fernandes.md
SUCCESS: 2012-09-05-the-role-of-agile-analysis-in-continuous-delivery-jenny-wong-e-danilo-sato.md
SUCCESS: 2012-09-06-agile-portfolio-planning-managing-your-project-portfolio-johanna-rothman.md
SUCCESS: 2012-09-06-keynote-growing-into-fluency-and-excellence-james-shore.md
SUCCESS: 2012-09-07-the-green-lake-strategy-um-metamodelo-para-design-de-mercados-manoel-pimentel-medeiros.md
SUCCESS: 2012-12-18-sucesso-na-medida-certa-metricas-de-vaidade.md
SUCCESS: 2012-12-29-desconf-2012-fim-do-mundo.md
SUCCESS: 2013-06-26-agile-unlocking-our-human-potential-patrick-kua.md
SUCCESS: 2013-06-26-agilebr-bem-vindo.md
SUCCESS: 2013-06-26-metricas-de-codigo-pra-que-te-quero-mauricio-aniche.md
SUCCESS: 2013-06-26-story-mapping-o-desafio-de-selecionar-a-primeira-fatia-do-produto.md
SUCCESS: 2013-06-27-poised-for-changes-the-virtuous-cycle-of-business-agility-rebecca-parsons.md
SUCCESS: 2013-06-28-o-limbo-da-demanda-latente-ale-gomes.md
SUCCESS: 2013-08-21-neal-ford-abstraction-distractions.md
SUCCESS: 2014-04-10-building-a-data-science-program-at-nasajpl-with-visual-analytics.md
SUCCESS: 2014-04-10-data-science-em-tempo-real-com-storm.md
SUCCESS: 2014-04-10-how-impala-has-pushed-hdfs-in-new-ways.md
SUCCESS: 2014-04-10-qconsp-2014-comecou.md
SUCCESS: 2014-04-10-scaling-league-of-legends-managing-culture-extreme-complexity-and-30-million-active-users.md
SUCCESS: 2014-04-10-um-sistema-de-recomendacao-de-produtos-baseado-em-grafos-titan-cassandra-redis-e-hadoop-em-producao.md
SUCCESS: 2014-04-11-hadoop-and-the-big-data-ecosystem.md
SUCCESS: 2014-11-06-technology-is-not-enough-barry-oreilly.md
