Found 67 Hugo post(s) to translate

============================================================
Processing batch 1: files 1-5
============================================================
[1/67] Processing: 2008-06-12-hello-world.md
  → Translating title: Pronto para começar !...
  → Translating content (278 chars)...
  ✓ Complete: content/en/posts/2008-06-12-hello-world.md
[2/67] Processing: 2008-07-11-minicenario-classificados-na-web.md
  → Translating title: Minicenário: CLASSIFICADOS NA WEB...
  → Translating content (1300 chars)...
  ✓ Complete: content/en/posts/2008-07-11-minicenario-classificados-na-web.md
[3/67] Processing: 2008-07-12-diagrama-de-casos-de-uso-estacionamento.md
  → Translating title: Diagrama de Casos de Uso ESTACIONAMENTO...
  → Translating content (1138 chars)...
  ✓ Complete: content/en/posts/2008-07-12-diagrama-de-casos-de-uso-estacionamento.md
[4/67] Processing: 2008-07-12-minicenario-controle-de-bolao.md
  → Translating title: Minicenário: CONTROLE DE BOLÃO...
  → Translating content (1581 chars)...
  ✓ Complete: content/en/posts/2008-07-12-minicenario-controle-de-bolao.md
[5/67] Processing: 2008-07-12-minicenario-controle-de-obras.md
  → Translating title: Minicenário: CONTROLE DE OBRAS...
  → Translating content (1658 chars)...
  ✓ Complete: content/en/posts/2008-07-12-minicenario-controle-de-obras.md

Batch complete. Continue with next batch? (y/n/q to quit): 